2023-11-15 00:12:39.202  WARN 12388 --- [main] ory$DuplicateJsonObjectContextCustomizer : 

Found multiple occurrences of org.json.JSONObject on the class path:

	jar:file:/C:/Users/%e5%88%98/.m2/repository/com/vaadin/external/google/android-json/0.0.20131108.vaadin1/android-json-0.0.20131108.vaadin1.jar!/org/json/JSONObject.class
	jar:file:/C:/Users/%e5%88%98/.m2/repository/org/json/json/20160810/json-20160810.jar!/org/json/JSONObject.class

You may wish to exclude one of them to ensure predictable runtime behavior

2023-11-15 00:12:39.242  INFO 12388 --- [main] com.example.hundsun.Util.FileUtilTest    : Starting FileUtilTest using Java 1.8.0_352 on LAPTOP-16U262QG with PID 12388 (started by 刘 in D:\intellij IDEApro\HundSun)
2023-11-15 00:12:39.242  INFO 12388 --- [main] com.example.hundsun.Util.FileUtilTest    : No active profile set, falling back to 1 default profile: "default"
2023-11-15 00:12:39.972  INFO 12388 --- [main] trationDelegate$BeanPostProcessorChecker : Bean 'org.apache.shiro.spring.boot.autoconfigure.ShiroBeanAutoConfiguration' of type [org.apache.shiro.spring.boot.autoconfigure.ShiroBeanAutoConfiguration$$EnhancerBySpringCGLIB$$7ea9592f] is not eligible for getting processed by all BeanPostProcessors (for example: not eligible for auto-proxying)
2023-11-15 00:12:39.985  INFO 12388 --- [main] trationDelegate$BeanPostProcessorChecker : Bean 'shrioConfig' of type [com.example.hundsun.Config.ShrioConfig$$EnhancerBySpringCGLIB$$743dd93] is not eligible for getting processed by all BeanPostProcessors (for example: not eligible for auto-proxying)
2023-11-15 00:12:40.451  INFO 12388 --- [main] trationDelegate$BeanPostProcessorChecker : Bean 'hashedCredentialsMatcher' of type [org.apache.shiro.authc.credential.HashedCredentialsMatcher] is not eligible for getting processed by all BeanPostProcessors (for example: not eligible for auto-proxying)
2023-11-15 00:12:40.582  INFO 12388 --- [main] trationDelegate$BeanPostProcessorChecker : Bean 'mybatis-plus-com.baomidou.mybatisplus.autoconfigure.MybatisPlusProperties' of type [com.baomidou.mybatisplus.autoconfigure.MybatisPlusProperties] is not eligible for getting processed by all BeanPostProcessors (for example: not eligible for auto-proxying)
2023-11-15 00:12:40.593  INFO 12388 --- [main] trationDelegate$BeanPostProcessorChecker : Bean 'MPConfig' of type [com.example.hundsun.Config.MPConfig$$EnhancerBySpringCGLIB$$cccd9e1f] is not eligible for getting processed by all BeanPostProcessors (for example: not eligible for auto-proxying)
2023-11-15 00:12:40.608  INFO 12388 --- [main] trationDelegate$BeanPostProcessorChecker : Bean 'mybatisPlusInterceptor' of type [com.baomidou.mybatisplus.extension.plugins.MybatisPlusInterceptor] is not eligible for getting processed by all BeanPostProcessors (for example: not eligible for auto-proxying)
2023-11-15 00:12:40.615  INFO 12388 --- [main] trationDelegate$BeanPostProcessorChecker : Bean 'com.baomidou.mybatisplus.autoconfigure.MybatisPlusAutoConfiguration' of type [com.baomidou.mybatisplus.autoconfigure.MybatisPlusAutoConfiguration] is not eligible for getting processed by all BeanPostProcessors (for example: not eligible for auto-proxying)
2023-11-15 00:12:40.620  INFO 12388 --- [main] trationDelegate$BeanPostProcessorChecker : Bean 'com.alibaba.druid.spring.boot.autoconfigure.DruidDataSourceAutoConfigure' of type [com.alibaba.druid.spring.boot.autoconfigure.DruidDataSourceAutoConfigure$$EnhancerBySpringCGLIB$$853c70f1] is not eligible for getting processed by all BeanPostProcessors (for example: not eligible for auto-proxying)
2023-11-15 00:12:40.623  INFO 12388 --- [main] c.a.d.s.b.a.DruidDataSourceAutoConfigure : Init DruidDataSource
2023-11-15 00:12:40.690  INFO 12388 --- [main] trationDelegate$BeanPostProcessorChecker : Bean 'spring.datasource-org.springframework.boot.autoconfigure.jdbc.DataSourceProperties' of type [org.springframework.boot.autoconfigure.jdbc.DataSourceProperties] is not eligible for getting processed by all BeanPostProcessors (for example: not eligible for auto-proxying)
2023-11-15 00:12:40.698  INFO 12388 --- [main] trationDelegate$BeanPostProcessorChecker : Bean 'com.alibaba.druid.spring.boot.autoconfigure.stat.DruidFilterConfiguration' of type [com.alibaba.druid.spring.boot.autoconfigure.stat.DruidFilterConfiguration] is not eligible for getting processed by all BeanPostProcessors (for example: not eligible for auto-proxying)
2023-11-15 00:12:40.783  INFO 12388 --- [main] trationDelegate$BeanPostProcessorChecker : Bean 'statFilter' of type [com.alibaba.druid.filter.stat.StatFilter] is not eligible for getting processed by all BeanPostProcessors (for example: not eligible for auto-proxying)
2023-11-15 00:12:40.813  INFO 12388 --- [main] trationDelegate$BeanPostProcessorChecker : Bean 'configFilter' of type [com.alibaba.druid.filter.config.ConfigFilter] is not eligible for getting processed by all BeanPostProcessors (for example: not eligible for auto-proxying)
2023-11-15 00:12:50.026  INFO 12388 --- [main] com.alibaba.druid.pool.DruidDataSource   : {dataSource-1} inited
2023-11-15 00:12:50.026  INFO 12388 --- [main] trationDelegate$BeanPostProcessorChecker : Bean 'dataSource' of type [com.alibaba.druid.spring.boot.autoconfigure.DruidDataSourceWrapper] is not eligible for getting processed by all BeanPostProcessors (for example: not eligible for auto-proxying)
2023-11-15 00:12:51.232  INFO 12388 --- [main] trationDelegate$BeanPostProcessorChecker : Bean 'sqlSessionFactory' of type [org.apache.ibatis.session.defaults.DefaultSqlSessionFactory] is not eligible for getting processed by all BeanPostProcessors (for example: not eligible for auto-proxying)
2023-11-15 00:12:51.245  INFO 12388 --- [main] trationDelegate$BeanPostProcessorChecker : Bean 'sqlSessionTemplate' of type [org.mybatis.spring.SqlSessionTemplate] is not eligible for getting processed by all BeanPostProcessors (for example: not eligible for auto-proxying)
2023-11-15 00:12:51.287  WARN 12388 --- [main] c.b.m.core.metadata.TableInfoHelper      : This primary key of "id" is primitive !不建议如此请使用包装类 in Class: "com.example.hundsun.domain.Users"
2023-11-15 00:12:51.454  INFO 12388 --- [main] trationDelegate$BeanPostProcessorChecker : Bean 'usersDao' of type [org.mybatis.spring.mapper.MapperFactoryBean] is not eligible for getting processed by all BeanPostProcessors (for example: not eligible for auto-proxying)
2023-11-15 00:12:51.460  INFO 12388 --- [main] trationDelegate$BeanPostProcessorChecker : Bean 'usersDao' of type [com.sun.proxy.$Proxy77] is not eligible for getting processed by all BeanPostProcessors (for example: not eligible for auto-proxying)
2023-11-15 00:12:51.470  WARN 12388 --- [main] c.b.m.core.metadata.TableInfoHelper      : This primary key of "id" is primitive !不建议如此请使用包装类 in Class: "com.example.hundsun.domain.Roles"
2023-11-15 00:12:51.513  INFO 12388 --- [main] trationDelegate$BeanPostProcessorChecker : Bean 'rolesDao' of type [org.mybatis.spring.mapper.MapperFactoryBean] is not eligible for getting processed by all BeanPostProcessors (for example: not eligible for auto-proxying)
2023-11-15 00:12:51.517  INFO 12388 --- [main] trationDelegate$BeanPostProcessorChecker : Bean 'rolesDao' of type [com.sun.proxy.$Proxy78] is not eligible for getting processed by all BeanPostProcessors (for example: not eligible for auto-proxying)
2023-11-15 00:12:51.524  WARN 12388 --- [main] c.b.m.core.metadata.TableInfoHelper      : This primary key of "id" is primitive !不建议如此请使用包装类 in Class: "com.example.hundsun.domain.user_role"
2023-11-15 00:12:51.555  INFO 12388 --- [main] trationDelegate$BeanPostProcessorChecker : Bean 'user_roleDao' of type [org.mybatis.spring.mapper.MapperFactoryBean] is not eligible for getting processed by all BeanPostProcessors (for example: not eligible for auto-proxying)
2023-11-15 00:12:51.559  INFO 12388 --- [main] trationDelegate$BeanPostProcessorChecker : Bean 'user_roleDao' of type [com.sun.proxy.$Proxy79] is not eligible for getting processed by all BeanPostProcessors (for example: not eligible for auto-proxying)
2023-11-15 00:12:51.564  WARN 12388 --- [main] c.b.m.core.metadata.TableInfoHelper      : This primary key of "id" is primitive !不建议如此请使用包装类 in Class: "com.example.hundsun.domain.Permissions"
2023-11-15 00:12:51.586  INFO 12388 --- [main] trationDelegate$BeanPostProcessorChecker : Bean 'permissionsDao' of type [org.mybatis.spring.mapper.MapperFactoryBean] is not eligible for getting processed by all BeanPostProcessors (for example: not eligible for auto-proxying)
2023-11-15 00:12:51.589  INFO 12388 --- [main] trationDelegate$BeanPostProcessorChecker : Bean 'permissionsDao' of type [com.sun.proxy.$Proxy80] is not eligible for getting processed by all BeanPostProcessors (for example: not eligible for auto-proxying)
2023-11-15 00:12:51.594  WARN 12388 --- [main] c.b.m.core.metadata.TableInfoHelper      : This primary key of "id" is primitive !不建议如此请使用包装类 in Class: "com.example.hundsun.domain.role_permission"
2023-11-15 00:12:51.610  INFO 12388 --- [main] trationDelegate$BeanPostProcessorChecker : Bean 'role_permissionsDao' of type [org.mybatis.spring.mapper.MapperFactoryBean] is not eligible for getting processed by all BeanPostProcessors (for example: not eligible for auto-proxying)
2023-11-15 00:12:51.613  INFO 12388 --- [main] trationDelegate$BeanPostProcessorChecker : Bean 'role_permissionsDao' of type [com.sun.proxy.$Proxy81] is not eligible for getting processed by all BeanPostProcessors (for example: not eligible for auto-proxying)
2023-11-15 00:12:51.614  INFO 12388 --- [main] trationDelegate$BeanPostProcessorChecker : Bean 'loginServiceImpl' of type [com.example.hundsun.Service.ServiceImpl.LoginServiceImpl] is not eligible for getting processed by all BeanPostProcessors (for example: not eligible for auto-proxying)
2023-11-15 00:12:51.661  INFO 12388 --- [main] trationDelegate$BeanPostProcessorChecker : Bean 'myRealm' of type [com.example.hundsun.Config.Realm.MyRealm] is not eligible for getting processed by all BeanPostProcessors (for example: not eligible for auto-proxying)
2023-11-15 00:12:51.673  INFO 12388 --- [main] trationDelegate$BeanPostProcessorChecker : Bean 'securityManager' of type [org.apache.shiro.web.mgt.DefaultWebSecurityManager] is not eligible for getting processed by all BeanPostProcessors (for example: not eligible for auto-proxying)
2023-11-15 00:12:51.704  INFO 12388 --- [main] trationDelegate$BeanPostProcessorChecker : Bean 'authorizationAttributeSourceAdvisor' of type [org.apache.shiro.spring.security.interceptor.AuthorizationAttributeSourceAdvisor] is not eligible for getting processed by all BeanPostProcessors (for example: not eligible for auto-proxying)
2023-11-15 00:12:51.715  INFO 12388 --- [main] trationDelegate$BeanPostProcessorChecker : Bean 'eventBus' of type [org.apache.shiro.event.support.DefaultEventBus] is not eligible for getting processed by all BeanPostProcessors (for example: not eligible for auto-proxying)
2023-11-15 00:12:51.763  WARN 12388 --- [main] c.b.m.core.metadata.TableInfoHelper      : This primary key of "id" is primitive !不建议如此请使用包装类 in Class: "com.example.hundsun.domain.Data_all"
2023-11-15 00:12:53.036  WARN 12388 --- [main] c.b.m.core.metadata.TableInfoHelper      : This primary key of "id" is primitive !不建议如此请使用包装类 in Class: "com.example.hundsun.domain.Labels"
2023-11-15 00:12:53.082  WARN 12388 --- [main] c.b.m.core.metadata.TableInfoHelper      : This primary key of "id" is primitive !不建议如此请使用包装类 in Class: "com.example.hundsun.domain.Dataall_result"
2023-11-15 00:12:53.132  WARN 12388 --- [main] c.b.m.core.metadata.TableInfoHelper      : This primary key of "id" is primitive !不建议如此请使用包装类 in Class: "com.example.hundsun.domain.Projects"
2023-11-15 00:12:53.175  WARN 12388 --- [main] c.b.m.core.metadata.TableInfoHelper      : This primary key of "id" is primitive !不建议如此请使用包装类 in Class: "com.example.hundsun.domain.Results"
2023-11-15 00:12:53.217  WARN 12388 --- [main] c.b.m.core.metadata.TableInfoHelper      : This primary key of "id" is primitive !不建议如此请使用包装类 in Class: "com.example.hundsun.domain.Types"
2023-11-15 00:12:53.254  WARN 12388 --- [main] c.b.m.core.metadata.TableInfoHelper      : This primary key of "id" is primitive !不建议如此请使用包装类 in Class: "com.example.hundsun.domain.Versions"
2023-11-15 00:12:54.191  WARN 12388 --- [main] c.b.m.core.metadata.TableInfoHelper      : This primary key of "id" is primitive !不建议如此请使用包装类 in Class: "com.example.hundsun.domain.project_user"
2023-11-15 00:12:54.273  INFO 12388 --- [main] com.example.hundsun.Util.FileUtilTest    : Started FileUtilTest in 15.358 seconds (JVM running for 16.361)
2023-11-15 00:12:54.585  INFO 12388 --- [SpringApplicationShutdownHook] com.alibaba.druid.pool.DruidDataSource   : {dataSource-1} closed
2023-11-15 00:40:18.214  INFO 12168 --- [main] com.example.hundsun.HundSunApplication   : Starting HundSunApplication using Java 1.8.0_352 on LAPTOP-16U262QG with PID 12168 (D:\intellij IDEApro\HundSun\target\classes started by 刘 in D:\intellij IDEApro\HundSun)
2023-11-15 00:40:18.215  INFO 12168 --- [main] com.example.hundsun.HundSunApplication   : No active profile set, falling back to 1 default profile: "default"
2023-11-15 00:40:18.819  INFO 12168 --- [main] trationDelegate$BeanPostProcessorChecker : Bean 'org.apache.shiro.spring.boot.autoconfigure.ShiroBeanAutoConfiguration' of type [org.apache.shiro.spring.boot.autoconfigure.ShiroBeanAutoConfiguration$$EnhancerBySpringCGLIB$$89560f6b] is not eligible for getting processed by all BeanPostProcessors (for example: not eligible for auto-proxying)
2023-11-15 00:40:18.828  INFO 12168 --- [main] trationDelegate$BeanPostProcessorChecker : Bean 'shrioConfig' of type [com.example.hundsun.Config.ShrioConfig$$EnhancerBySpringCGLIB$$11f093cf] is not eligible for getting processed by all BeanPostProcessors (for example: not eligible for auto-proxying)
2023-11-15 00:40:18.889  INFO 12168 --- [main] trationDelegate$BeanPostProcessorChecker : Bean 'hashedCredentialsMatcher' of type [org.apache.shiro.authc.credential.HashedCredentialsMatcher] is not eligible for getting processed by all BeanPostProcessors (for example: not eligible for auto-proxying)
2023-11-15 00:40:18.978  INFO 12168 --- [main] trationDelegate$BeanPostProcessorChecker : Bean 'mybatis-plus-com.baomidou.mybatisplus.autoconfigure.MybatisPlusProperties' of type [com.baomidou.mybatisplus.autoconfigure.MybatisPlusProperties] is not eligible for getting processed by all BeanPostProcessors (for example: not eligible for auto-proxying)
2023-11-15 00:40:18.981  INFO 12168 --- [main] trationDelegate$BeanPostProcessorChecker : Bean 'MPConfig' of type [com.example.hundsun.Config.MPConfig$$EnhancerBySpringCGLIB$$d77a545b] is not eligible for getting processed by all BeanPostProcessors (for example: not eligible for auto-proxying)
2023-11-15 00:40:18.987  INFO 12168 --- [main] trationDelegate$BeanPostProcessorChecker : Bean 'mybatisPlusInterceptor' of type [com.baomidou.mybatisplus.extension.plugins.MybatisPlusInterceptor] is not eligible for getting processed by all BeanPostProcessors (for example: not eligible for auto-proxying)
2023-11-15 00:40:18.991  INFO 12168 --- [main] trationDelegate$BeanPostProcessorChecker : Bean 'com.baomidou.mybatisplus.autoconfigure.MybatisPlusAutoConfiguration' of type [com.baomidou.mybatisplus.autoconfigure.MybatisPlusAutoConfiguration] is not eligible for getting processed by all BeanPostProcessors (for example: not eligible for auto-proxying)
2023-11-15 00:40:18.992  INFO 12168 --- [main] trationDelegate$BeanPostProcessorChecker : Bean 'com.alibaba.druid.spring.boot.autoconfigure.DruidDataSourceAutoConfigure' of type [com.alibaba.druid.spring.boot.autoconfigure.DruidDataSourceAutoConfigure$$EnhancerBySpringCGLIB$$8fe9272d] is not eligible for getting processed by all BeanPostProcessors (for example: not eligible for auto-proxying)
2023-11-15 00:40:18.994  INFO 12168 --- [main] c.a.d.s.b.a.DruidDataSourceAutoConfigure : Init DruidDataSource
2023-11-15 00:40:19.025  INFO 12168 --- [main] trationDelegate$BeanPostProcessorChecker : Bean 'spring.datasource-org.springframework.boot.autoconfigure.jdbc.DataSourceProperties' of type [org.springframework.boot.autoconfigure.jdbc.DataSourceProperties] is not eligible for getting processed by all BeanPostProcessors (for example: not eligible for auto-proxying)
2023-11-15 00:40:19.028  INFO 12168 --- [main] trationDelegate$BeanPostProcessorChecker : Bean 'com.alibaba.druid.spring.boot.autoconfigure.stat.DruidFilterConfiguration' of type [com.alibaba.druid.spring.boot.autoconfigure.stat.DruidFilterConfiguration] is not eligible for getting processed by all BeanPostProcessors (for example: not eligible for auto-proxying)
2023-11-15 00:40:19.043  INFO 12168 --- [main] trationDelegate$BeanPostProcessorChecker : Bean 'statFilter' of type [com.alibaba.druid.filter.stat.StatFilter] is not eligible for getting processed by all BeanPostProcessors (for example: not eligible for auto-proxying)
2023-11-15 00:40:19.055  INFO 12168 --- [main] trationDelegate$BeanPostProcessorChecker : Bean 'configFilter' of type [com.alibaba.druid.filter.config.ConfigFilter] is not eligible for getting processed by all BeanPostProcessors (for example: not eligible for auto-proxying)
2023-11-15 00:40:25.623  INFO 12168 --- [main] com.alibaba.druid.pool.DruidDataSource   : {dataSource-1} inited
2023-11-15 00:40:25.624  INFO 12168 --- [main] trationDelegate$BeanPostProcessorChecker : Bean 'dataSource' of type [com.alibaba.druid.spring.boot.autoconfigure.DruidDataSourceWrapper] is not eligible for getting processed by all BeanPostProcessors (for example: not eligible for auto-proxying)
2023-11-15 00:40:26.705  INFO 12168 --- [main] trationDelegate$BeanPostProcessorChecker : Bean 'sqlSessionFactory' of type [org.apache.ibatis.session.defaults.DefaultSqlSessionFactory] is not eligible for getting processed by all BeanPostProcessors (for example: not eligible for auto-proxying)
2023-11-15 00:40:26.708  INFO 12168 --- [main] trationDelegate$BeanPostProcessorChecker : Bean 'sqlSessionTemplate' of type [org.mybatis.spring.SqlSessionTemplate] is not eligible for getting processed by all BeanPostProcessors (for example: not eligible for auto-proxying)
2023-11-15 00:40:26.730  WARN 12168 --- [main] c.b.m.core.metadata.TableInfoHelper      : This primary key of "id" is primitive !不建议如此请使用包装类 in Class: "com.example.hundsun.domain.Users"
2023-11-15 00:40:26.839  INFO 12168 --- [main] trationDelegate$BeanPostProcessorChecker : Bean 'usersDao' of type [org.mybatis.spring.mapper.MapperFactoryBean] is not eligible for getting processed by all BeanPostProcessors (for example: not eligible for auto-proxying)
2023-11-15 00:40:26.842  INFO 12168 --- [main] trationDelegate$BeanPostProcessorChecker : Bean 'usersDao' of type [com.sun.proxy.$Proxy69] is not eligible for getting processed by all BeanPostProcessors (for example: not eligible for auto-proxying)
2023-11-15 00:40:26.846  WARN 12168 --- [main] c.b.m.core.metadata.TableInfoHelper      : This primary key of "id" is primitive !不建议如此请使用包装类 in Class: "com.example.hundsun.domain.Roles"
2023-11-15 00:40:26.864  INFO 12168 --- [main] trationDelegate$BeanPostProcessorChecker : Bean 'rolesDao' of type [org.mybatis.spring.mapper.MapperFactoryBean] is not eligible for getting processed by all BeanPostProcessors (for example: not eligible for auto-proxying)
2023-11-15 00:40:26.866  INFO 12168 --- [main] trationDelegate$BeanPostProcessorChecker : Bean 'rolesDao' of type [com.sun.proxy.$Proxy70] is not eligible for getting processed by all BeanPostProcessors (for example: not eligible for auto-proxying)
2023-11-15 00:40:26.870  WARN 12168 --- [main] c.b.m.core.metadata.TableInfoHelper      : This primary key of "id" is primitive !不建议如此请使用包装类 in Class: "com.example.hundsun.domain.user_role"
2023-11-15 00:40:26.884  INFO 12168 --- [main] trationDelegate$BeanPostProcessorChecker : Bean 'user_roleDao' of type [org.mybatis.spring.mapper.MapperFactoryBean] is not eligible for getting processed by all BeanPostProcessors (for example: not eligible for auto-proxying)
2023-11-15 00:40:26.886  INFO 12168 --- [main] trationDelegate$BeanPostProcessorChecker : Bean 'user_roleDao' of type [com.sun.proxy.$Proxy71] is not eligible for getting processed by all BeanPostProcessors (for example: not eligible for auto-proxying)
2023-11-15 00:40:26.889  WARN 12168 --- [main] c.b.m.core.metadata.TableInfoHelper      : This primary key of "id" is primitive !不建议如此请使用包装类 in Class: "com.example.hundsun.domain.Permissions"
2023-11-15 00:40:26.902  INFO 12168 --- [main] trationDelegate$BeanPostProcessorChecker : Bean 'permissionsDao' of type [org.mybatis.spring.mapper.MapperFactoryBean] is not eligible for getting processed by all BeanPostProcessors (for example: not eligible for auto-proxying)
2023-11-15 00:40:26.904  INFO 12168 --- [main] trationDelegate$BeanPostProcessorChecker : Bean 'permissionsDao' of type [com.sun.proxy.$Proxy72] is not eligible for getting processed by all BeanPostProcessors (for example: not eligible for auto-proxying)
2023-11-15 00:40:26.907  WARN 12168 --- [main] c.b.m.core.metadata.TableInfoHelper      : This primary key of "id" is primitive !不建议如此请使用包装类 in Class: "com.example.hundsun.domain.role_permission"
2023-11-15 00:40:26.920  INFO 12168 --- [main] trationDelegate$BeanPostProcessorChecker : Bean 'role_permissionsDao' of type [org.mybatis.spring.mapper.MapperFactoryBean] is not eligible for getting processed by all BeanPostProcessors (for example: not eligible for auto-proxying)
2023-11-15 00:40:26.921  INFO 12168 --- [main] trationDelegate$BeanPostProcessorChecker : Bean 'role_permissionsDao' of type [com.sun.proxy.$Proxy73] is not eligible for getting processed by all BeanPostProcessors (for example: not eligible for auto-proxying)
2023-11-15 00:40:26.922  INFO 12168 --- [main] trationDelegate$BeanPostProcessorChecker : Bean 'loginServiceImpl' of type [com.example.hundsun.Service.ServiceImpl.LoginServiceImpl] is not eligible for getting processed by all BeanPostProcessors (for example: not eligible for auto-proxying)
2023-11-15 00:40:26.948  INFO 12168 --- [main] trationDelegate$BeanPostProcessorChecker : Bean 'myRealm' of type [com.example.hundsun.Config.Realm.MyRealm] is not eligible for getting processed by all BeanPostProcessors (for example: not eligible for auto-proxying)
2023-11-15 00:40:26.987  INFO 12168 --- [main] trationDelegate$BeanPostProcessorChecker : Bean 'securityManager' of type [org.apache.shiro.web.mgt.DefaultWebSecurityManager] is not eligible for getting processed by all BeanPostProcessors (for example: not eligible for auto-proxying)
2023-11-15 00:40:27.011  INFO 12168 --- [main] trationDelegate$BeanPostProcessorChecker : Bean 'authorizationAttributeSourceAdvisor' of type [org.apache.shiro.spring.security.interceptor.AuthorizationAttributeSourceAdvisor] is not eligible for getting processed by all BeanPostProcessors (for example: not eligible for auto-proxying)
2023-11-15 00:40:27.014  INFO 12168 --- [main] trationDelegate$BeanPostProcessorChecker : Bean 'eventBus' of type [org.apache.shiro.event.support.DefaultEventBus] is not eligible for getting processed by all BeanPostProcessors (for example: not eligible for auto-proxying)
2023-11-15 00:40:27.216  INFO 12168 --- [main] o.s.b.w.embedded.tomcat.TomcatWebServer  : Tomcat initialized with port(s): 8082 (http)
2023-11-15 00:40:27.223  INFO 12168 --- [main] o.apache.catalina.core.StandardService   : Starting service [Tomcat]
2023-11-15 00:40:27.224  INFO 12168 --- [main] org.apache.catalina.core.StandardEngine  : Starting Servlet engine: [Apache Tomcat/9.0.82]
2023-11-15 00:40:27.368  INFO 12168 --- [main] o.a.c.c.C.[Tomcat].[localhost].[/]       : Initializing Spring embedded WebApplicationContext
2023-11-15 00:40:27.368  INFO 12168 --- [main] w.s.c.ServletWebServerApplicationContext : Root WebApplicationContext: initialization completed in 9123 ms
2023-11-15 00:40:27.477  WARN 12168 --- [main] c.b.m.core.metadata.TableInfoHelper      : This primary key of "id" is primitive !不建议如此请使用包装类 in Class: "com.example.hundsun.domain.Data_all"
2023-11-15 00:40:28.614  WARN 12168 --- [main] c.b.m.core.metadata.TableInfoHelper      : This primary key of "id" is primitive !不建议如此请使用包装类 in Class: "com.example.hundsun.domain.Labels"
2023-11-15 00:40:28.660  WARN 12168 --- [main] c.b.m.core.metadata.TableInfoHelper      : This primary key of "id" is primitive !不建议如此请使用包装类 in Class: "com.example.hundsun.domain.Dataall_result"
2023-11-15 00:40:28.680  WARN 12168 --- [main] c.b.m.core.metadata.TableInfoHelper      : This primary key of "id" is primitive !不建议如此请使用包装类 in Class: "com.example.hundsun.domain.Results"
2023-11-15 00:40:28.741  WARN 12168 --- [main] c.b.m.core.metadata.TableInfoHelper      : This primary key of "id" is primitive !不建议如此请使用包装类 in Class: "com.example.hundsun.domain.Projects"
2023-11-15 00:40:28.814  WARN 12168 --- [main] c.b.m.core.metadata.TableInfoHelper      : This primary key of "id" is primitive !不建议如此请使用包装类 in Class: "com.example.hundsun.domain.Types"
2023-11-15 00:40:28.865  WARN 12168 --- [main] c.b.m.core.metadata.TableInfoHelper      : This primary key of "id" is primitive !不建议如此请使用包装类 in Class: "com.example.hundsun.domain.Versions"
2023-11-15 00:40:29.254  WARN 12168 --- [main] c.b.m.core.metadata.TableInfoHelper      : This primary key of "id" is primitive !不建议如此请使用包装类 in Class: "com.example.hundsun.domain.project_user"
2023-11-15 00:40:29.331  INFO 12168 --- [main] o.s.b.w.embedded.tomcat.TomcatWebServer  : Tomcat started on port(s): 8082 (http) with context path ''
2023-11-15 00:40:29.341  INFO 12168 --- [main] com.example.hundsun.HundSunApplication   : Started HundSunApplication in 11.482 seconds (JVM running for 12.695)
2023-11-15 00:40:29.343  INFO 12168 --- [main] com.example.hundsun.HundSunApplication   : 项目启动成功！！！
2023-11-15 00:40:53.591  INFO 12168 --- [http-nio-8082-exec-2] o.a.c.c.C.[Tomcat].[localhost].[/]       : Initializing Spring DispatcherServlet 'dispatcherServlet'
2023-11-15 00:40:53.591  INFO 12168 --- [http-nio-8082-exec-2] o.s.web.servlet.DispatcherServlet        : Initializing Servlet 'dispatcherServlet'
2023-11-15 00:40:53.593  INFO 12168 --- [http-nio-8082-exec-2] o.s.web.servlet.DispatcherServlet        : Completed initialization in 2 ms
2023-11-15 00:40:54.102  INFO 12168 --- [http-nio-8082-exec-2] c.e.h.Controller.Data_ResultController   : 用户上传的资源有: [Data_all(id=1, p_id=1, resourceUrl=http://8.137.53.253:9000/imgclas/img_1.png, ddescription=这是后端测试数据, uploadDate=Tue Nov 14 02:41:11 CST 2023), Data_all(id=2, p_id=1, resourceUrl=http://8.137.53.253:9000/imgclas/8412599265517928448.png, ddescription=这是后端测试数据, uploadDate=Tue Nov 14 10:49:38 CST 2023), Data_all(id=3, p_id=1, resourceUrl=http://8.137.53.253:9000/imgocr/8412616690127896576.png, ddescription=后端自己测试数据lt, uploadDate=Tue Nov 14 11:58:52 CST 2023)]
2023-11-15 00:40:54.388  INFO 12168 --- [http-nio-8082-exec-2] c.e.h.Controller.Data_ResultController   : 本项目中的标签有: [Labels(id=1, labelName=熊猫, ltype=null, p_id=1, v_id=1), Labels(id=2, labelName=猴子, ltype=null, p_id=1, v_id=1)]
2023-11-15 00:40:59.641  INFO 12168 --- [http-nio-8082-exec-2] c.e.h.Controller.Data_ResultController   : Did=1的识别结果为：大熊猫
2023-11-15 00:41:45.073  INFO 12168 --- [SpringApplicationShutdownHook] com.alibaba.druid.pool.DruidDataSource   : {dataSource-1} closed
2023-11-15 00:42:28.404  INFO 23380 --- [main] com.example.hundsun.HundSunApplication   : Starting HundSunApplication using Java 1.8.0_352 on LAPTOP-16U262QG with PID 23380 (D:\intellij IDEApro\HundSun\target\classes started by 刘 in D:\intellij IDEApro\HundSun)
2023-11-15 00:42:28.405  INFO 23380 --- [main] com.example.hundsun.HundSunApplication   : No active profile set, falling back to 1 default profile: "default"
2023-11-15 00:42:29.107  INFO 23380 --- [main] trationDelegate$BeanPostProcessorChecker : Bean 'org.apache.shiro.spring.boot.autoconfigure.ShiroBeanAutoConfiguration' of type [org.apache.shiro.spring.boot.autoconfigure.ShiroBeanAutoConfiguration$$EnhancerBySpringCGLIB$$89560f6b] is not eligible for getting processed by all BeanPostProcessors (for example: not eligible for auto-proxying)
2023-11-15 00:42:29.118  INFO 23380 --- [main] trationDelegate$BeanPostProcessorChecker : Bean 'shrioConfig' of type [com.example.hundsun.Config.ShrioConfig$$EnhancerBySpringCGLIB$$11f093cf] is not eligible for getting processed by all BeanPostProcessors (for example: not eligible for auto-proxying)
2023-11-15 00:42:29.192  INFO 23380 --- [main] trationDelegate$BeanPostProcessorChecker : Bean 'hashedCredentialsMatcher' of type [org.apache.shiro.authc.credential.HashedCredentialsMatcher] is not eligible for getting processed by all BeanPostProcessors (for example: not eligible for auto-proxying)
2023-11-15 00:42:29.296  INFO 23380 --- [main] trationDelegate$BeanPostProcessorChecker : Bean 'mybatis-plus-com.baomidou.mybatisplus.autoconfigure.MybatisPlusProperties' of type [com.baomidou.mybatisplus.autoconfigure.MybatisPlusProperties] is not eligible for getting processed by all BeanPostProcessors (for example: not eligible for auto-proxying)
2023-11-15 00:42:29.299  INFO 23380 --- [main] trationDelegate$BeanPostProcessorChecker : Bean 'MPConfig' of type [com.example.hundsun.Config.MPConfig$$EnhancerBySpringCGLIB$$d77a545b] is not eligible for getting processed by all BeanPostProcessors (for example: not eligible for auto-proxying)
2023-11-15 00:42:29.308  INFO 23380 --- [main] trationDelegate$BeanPostProcessorChecker : Bean 'mybatisPlusInterceptor' of type [com.baomidou.mybatisplus.extension.plugins.MybatisPlusInterceptor] is not eligible for getting processed by all BeanPostProcessors (for example: not eligible for auto-proxying)
2023-11-15 00:42:29.313  INFO 23380 --- [main] trationDelegate$BeanPostProcessorChecker : Bean 'com.baomidou.mybatisplus.autoconfigure.MybatisPlusAutoConfiguration' of type [com.baomidou.mybatisplus.autoconfigure.MybatisPlusAutoConfiguration] is not eligible for getting processed by all BeanPostProcessors (for example: not eligible for auto-proxying)
2023-11-15 00:42:29.315  INFO 23380 --- [main] trationDelegate$BeanPostProcessorChecker : Bean 'com.alibaba.druid.spring.boot.autoconfigure.DruidDataSourceAutoConfigure' of type [com.alibaba.druid.spring.boot.autoconfigure.DruidDataSourceAutoConfigure$$EnhancerBySpringCGLIB$$8fe9272d] is not eligible for getting processed by all BeanPostProcessors (for example: not eligible for auto-proxying)
2023-11-15 00:42:29.317  INFO 23380 --- [main] c.a.d.s.b.a.DruidDataSourceAutoConfigure : Init DruidDataSource
2023-11-15 00:42:29.360  INFO 23380 --- [main] trationDelegate$BeanPostProcessorChecker : Bean 'spring.datasource-org.springframework.boot.autoconfigure.jdbc.DataSourceProperties' of type [org.springframework.boot.autoconfigure.jdbc.DataSourceProperties] is not eligible for getting processed by all BeanPostProcessors (for example: not eligible for auto-proxying)
2023-11-15 00:42:29.363  INFO 23380 --- [main] trationDelegate$BeanPostProcessorChecker : Bean 'com.alibaba.druid.spring.boot.autoconfigure.stat.DruidFilterConfiguration' of type [com.alibaba.druid.spring.boot.autoconfigure.stat.DruidFilterConfiguration] is not eligible for getting processed by all BeanPostProcessors (for example: not eligible for auto-proxying)
2023-11-15 00:42:29.381  INFO 23380 --- [main] trationDelegate$BeanPostProcessorChecker : Bean 'statFilter' of type [com.alibaba.druid.filter.stat.StatFilter] is not eligible for getting processed by all BeanPostProcessors (for example: not eligible for auto-proxying)
2023-11-15 00:42:29.394  INFO 23380 --- [main] trationDelegate$BeanPostProcessorChecker : Bean 'configFilter' of type [com.alibaba.druid.filter.config.ConfigFilter] is not eligible for getting processed by all BeanPostProcessors (for example: not eligible for auto-proxying)
2023-11-15 00:42:37.099  INFO 23380 --- [main] com.alibaba.druid.pool.DruidDataSource   : {dataSource-1} inited
2023-11-15 00:42:37.100  INFO 23380 --- [main] trationDelegate$BeanPostProcessorChecker : Bean 'dataSource' of type [com.alibaba.druid.spring.boot.autoconfigure.DruidDataSourceWrapper] is not eligible for getting processed by all BeanPostProcessors (for example: not eligible for auto-proxying)
2023-11-15 00:42:38.229  INFO 23380 --- [main] trationDelegate$BeanPostProcessorChecker : Bean 'sqlSessionFactory' of type [org.apache.ibatis.session.defaults.DefaultSqlSessionFactory] is not eligible for getting processed by all BeanPostProcessors (for example: not eligible for auto-proxying)
2023-11-15 00:42:38.232  INFO 23380 --- [main] trationDelegate$BeanPostProcessorChecker : Bean 'sqlSessionTemplate' of type [org.mybatis.spring.SqlSessionTemplate] is not eligible for getting processed by all BeanPostProcessors (for example: not eligible for auto-proxying)
2023-11-15 00:42:38.253  WARN 23380 --- [main] c.b.m.core.metadata.TableInfoHelper      : This primary key of "id" is primitive !不建议如此请使用包装类 in Class: "com.example.hundsun.domain.Users"
2023-11-15 00:42:38.355  INFO 23380 --- [main] trationDelegate$BeanPostProcessorChecker : Bean 'usersDao' of type [org.mybatis.spring.mapper.MapperFactoryBean] is not eligible for getting processed by all BeanPostProcessors (for example: not eligible for auto-proxying)
2023-11-15 00:42:38.358  INFO 23380 --- [main] trationDelegate$BeanPostProcessorChecker : Bean 'usersDao' of type [com.sun.proxy.$Proxy69] is not eligible for getting processed by all BeanPostProcessors (for example: not eligible for auto-proxying)
2023-11-15 00:42:38.362  WARN 23380 --- [main] c.b.m.core.metadata.TableInfoHelper      : This primary key of "id" is primitive !不建议如此请使用包装类 in Class: "com.example.hundsun.domain.Roles"
2023-11-15 00:42:38.380  INFO 23380 --- [main] trationDelegate$BeanPostProcessorChecker : Bean 'rolesDao' of type [org.mybatis.spring.mapper.MapperFactoryBean] is not eligible for getting processed by all BeanPostProcessors (for example: not eligible for auto-proxying)
2023-11-15 00:42:38.382  INFO 23380 --- [main] trationDelegate$BeanPostProcessorChecker : Bean 'rolesDao' of type [com.sun.proxy.$Proxy70] is not eligible for getting processed by all BeanPostProcessors (for example: not eligible for auto-proxying)
2023-11-15 00:42:38.385  WARN 23380 --- [main] c.b.m.core.metadata.TableInfoHelper      : This primary key of "id" is primitive !不建议如此请使用包装类 in Class: "com.example.hundsun.domain.user_role"
2023-11-15 00:42:38.400  INFO 23380 --- [main] trationDelegate$BeanPostProcessorChecker : Bean 'user_roleDao' of type [org.mybatis.spring.mapper.MapperFactoryBean] is not eligible for getting processed by all BeanPostProcessors (for example: not eligible for auto-proxying)
2023-11-15 00:42:38.401  INFO 23380 --- [main] trationDelegate$BeanPostProcessorChecker : Bean 'user_roleDao' of type [com.sun.proxy.$Proxy71] is not eligible for getting processed by all BeanPostProcessors (for example: not eligible for auto-proxying)
2023-11-15 00:42:38.404  WARN 23380 --- [main] c.b.m.core.metadata.TableInfoHelper      : This primary key of "id" is primitive !不建议如此请使用包装类 in Class: "com.example.hundsun.domain.Permissions"
2023-11-15 00:42:38.417  INFO 23380 --- [main] trationDelegate$BeanPostProcessorChecker : Bean 'permissionsDao' of type [org.mybatis.spring.mapper.MapperFactoryBean] is not eligible for getting processed by all BeanPostProcessors (for example: not eligible for auto-proxying)
2023-11-15 00:42:38.419  INFO 23380 --- [main] trationDelegate$BeanPostProcessorChecker : Bean 'permissionsDao' of type [com.sun.proxy.$Proxy72] is not eligible for getting processed by all BeanPostProcessors (for example: not eligible for auto-proxying)
2023-11-15 00:42:38.422  WARN 23380 --- [main] c.b.m.core.metadata.TableInfoHelper      : This primary key of "id" is primitive !不建议如此请使用包装类 in Class: "com.example.hundsun.domain.role_permission"
2023-11-15 00:42:38.434  INFO 23380 --- [main] trationDelegate$BeanPostProcessorChecker : Bean 'role_permissionsDao' of type [org.mybatis.spring.mapper.MapperFactoryBean] is not eligible for getting processed by all BeanPostProcessors (for example: not eligible for auto-proxying)
2023-11-15 00:42:38.436  INFO 23380 --- [main] trationDelegate$BeanPostProcessorChecker : Bean 'role_permissionsDao' of type [com.sun.proxy.$Proxy73] is not eligible for getting processed by all BeanPostProcessors (for example: not eligible for auto-proxying)
2023-11-15 00:42:38.437  INFO 23380 --- [main] trationDelegate$BeanPostProcessorChecker : Bean 'loginServiceImpl' of type [com.example.hundsun.Service.ServiceImpl.LoginServiceImpl] is not eligible for getting processed by all BeanPostProcessors (for example: not eligible for auto-proxying)
2023-11-15 00:42:38.464  INFO 23380 --- [main] trationDelegate$BeanPostProcessorChecker : Bean 'myRealm' of type [com.example.hundsun.Config.Realm.MyRealm] is not eligible for getting processed by all BeanPostProcessors (for example: not eligible for auto-proxying)
2023-11-15 00:42:38.469  INFO 23380 --- [main] trationDelegate$BeanPostProcessorChecker : Bean 'securityManager' of type [org.apache.shiro.web.mgt.DefaultWebSecurityManager] is not eligible for getting processed by all BeanPostProcessors (for example: not eligible for auto-proxying)
2023-11-15 00:42:38.521  INFO 23380 --- [main] trationDelegate$BeanPostProcessorChecker : Bean 'authorizationAttributeSourceAdvisor' of type [org.apache.shiro.spring.security.interceptor.AuthorizationAttributeSourceAdvisor] is not eligible for getting processed by all BeanPostProcessors (for example: not eligible for auto-proxying)
2023-11-15 00:42:38.523  INFO 23380 --- [main] trationDelegate$BeanPostProcessorChecker : Bean 'eventBus' of type [org.apache.shiro.event.support.DefaultEventBus] is not eligible for getting processed by all BeanPostProcessors (for example: not eligible for auto-proxying)
2023-11-15 00:42:38.715  INFO 23380 --- [main] o.s.b.w.embedded.tomcat.TomcatWebServer  : Tomcat initialized with port(s): 8082 (http)
2023-11-15 00:42:38.723  INFO 23380 --- [main] o.apache.catalina.core.StandardService   : Starting service [Tomcat]
2023-11-15 00:42:38.723  INFO 23380 --- [main] org.apache.catalina.core.StandardEngine  : Starting Servlet engine: [Apache Tomcat/9.0.82]
2023-11-15 00:42:38.864  INFO 23380 --- [main] o.a.c.c.C.[Tomcat].[localhost].[/]       : Initializing Spring embedded WebApplicationContext
2023-11-15 00:42:38.864  INFO 23380 --- [main] w.s.c.ServletWebServerApplicationContext : Root WebApplicationContext: initialization completed in 10425 ms
2023-11-15 00:42:38.972  WARN 23380 --- [main] c.b.m.core.metadata.TableInfoHelper      : This primary key of "id" is primitive !不建议如此请使用包装类 in Class: "com.example.hundsun.domain.Data_all"
2023-11-15 00:42:40.071  WARN 23380 --- [main] c.b.m.core.metadata.TableInfoHelper      : This primary key of "id" is primitive !不建议如此请使用包装类 in Class: "com.example.hundsun.domain.Labels"
2023-11-15 00:42:40.114  WARN 23380 --- [main] c.b.m.core.metadata.TableInfoHelper      : This primary key of "id" is primitive !不建议如此请使用包装类 in Class: "com.example.hundsun.domain.Dataall_result"
2023-11-15 00:42:40.135  WARN 23380 --- [main] c.b.m.core.metadata.TableInfoHelper      : This primary key of "id" is primitive !不建议如此请使用包装类 in Class: "com.example.hundsun.domain.Results"
2023-11-15 00:42:40.192  WARN 23380 --- [main] c.b.m.core.metadata.TableInfoHelper      : This primary key of "id" is primitive !不建议如此请使用包装类 in Class: "com.example.hundsun.domain.Projects"
2023-11-15 00:42:40.266  WARN 23380 --- [main] c.b.m.core.metadata.TableInfoHelper      : This primary key of "id" is primitive !不建议如此请使用包装类 in Class: "com.example.hundsun.domain.Types"
2023-11-15 00:42:40.303  WARN 23380 --- [main] c.b.m.core.metadata.TableInfoHelper      : This primary key of "id" is primitive !不建议如此请使用包装类 in Class: "com.example.hundsun.domain.Versions"
2023-11-15 00:42:40.660  WARN 23380 --- [main] c.b.m.core.metadata.TableInfoHelper      : This primary key of "id" is primitive !不建议如此请使用包装类 in Class: "com.example.hundsun.domain.project_user"
2023-11-15 00:42:40.730  INFO 23380 --- [main] o.s.b.w.embedded.tomcat.TomcatWebServer  : Tomcat started on port(s): 8082 (http) with context path ''
2023-11-15 00:42:40.739  INFO 23380 --- [main] com.example.hundsun.HundSunApplication   : Started HundSunApplication in 12.684 seconds (JVM running for 13.825)
2023-11-15 00:42:40.741  INFO 23380 --- [main] com.example.hundsun.HundSunApplication   : 项目启动成功！！！
2023-11-15 00:42:47.092  INFO 23380 --- [http-nio-8082-exec-2] o.a.c.c.C.[Tomcat].[localhost].[/]       : Initializing Spring DispatcherServlet 'dispatcherServlet'
2023-11-15 00:42:47.092  INFO 23380 --- [http-nio-8082-exec-2] o.s.web.servlet.DispatcherServlet        : Initializing Servlet 'dispatcherServlet'
2023-11-15 00:42:47.094  INFO 23380 --- [http-nio-8082-exec-2] o.s.web.servlet.DispatcherServlet        : Completed initialization in 2 ms
2023-11-15 00:42:47.558  INFO 23380 --- [http-nio-8082-exec-2] c.e.h.Controller.Data_ResultController   : 用户上传的资源有: [Data_all(id=1, p_id=1, resourceUrl=http://8.137.53.253:9000/imgclas/img_1.png, ddescription=这是后端测试数据, uploadDate=Tue Nov 14 02:41:11 CST 2023), Data_all(id=2, p_id=1, resourceUrl=http://8.137.53.253:9000/imgclas/8412599265517928448.png, ddescription=这是后端测试数据, uploadDate=Tue Nov 14 10:49:38 CST 2023), Data_all(id=3, p_id=1, resourceUrl=http://8.137.53.253:9000/imgocr/8412616690127896576.png, ddescription=后端自己测试数据lt, uploadDate=Tue Nov 14 11:58:52 CST 2023)]
2023-11-15 00:42:47.744  INFO 23380 --- [http-nio-8082-exec-2] c.e.h.Controller.Data_ResultController   : 本项目中的标签有: [Labels(id=1, labelName=熊猫, ltype=null, p_id=1, v_id=1), Labels(id=2, labelName=猴子, ltype=null, p_id=1, v_id=1)]
2023-11-15 00:42:51.672  INFO 23380 --- [http-nio-8082-exec-2] c.e.h.Controller.Data_ResultController   : Did=1的识别结果为：大熊猫
2023-11-15 00:42:51.679  INFO 23380 --- [http-nio-8082-exec-2] com.example.hundsun.Util.MinIoUtil       : 上传的文件名为：8412808959650029568.json
2023-11-15 00:42:52.356  INFO 23380 --- [http-nio-8082-exec-2] c.e.h.S.S.dataall_resultSerImpl          : fileUrl: http://8.137.53.253:9000/clasjson/8412808959650029568.json?response-content-type=image%2Fpng&X-Amz-Algorithm=AWS4-HMAC-SHA256&X-Amz-Credential=C4RdB4eytLOl7SJRf5qi%2F20231114%2Fus-east-1%2Fs3%2Faws4_request&X-Amz-Date=20231114T164252Z&X-Amz-Expires=3600&X-Amz-SignedHeaders=host&X-Amz-Signature=410fecee6a1358167f634fc41d5389cb248a66633e10bdb6d24eebadc9a78ed4
2023-11-15 00:42:52.357  INFO 23380 --- [http-nio-8082-exec-2] c.e.h.S.S.dataall_resultSerImpl          : SimpleUrl: http://8.137.53.253:9000/clasjson/8412808959650029568.json
2023-11-15 00:42:52.766  INFO 23380 --- [http-nio-8082-exec-2] c.e.h.S.S.dataall_resultSerImpl          : 上传后端results：Results(id=3, resultUrl=http://8.137.53.253:9000/clasjson/8412808959650029568.json, isPre=1, isMark=0, markTime=null, markAccount=null, isEx=0, ExAccount=null, ExTime=null, l_id=0)
2023-11-15 00:42:52.766  INFO 23380 --- [http-nio-8082-exec-2] c.e.h.Controller.Data_ResultController   : r_id= 3
2023-11-15 00:42:54.913  INFO 23380 --- [http-nio-8082-exec-2] c.e.h.Controller.Data_ResultController   : Did=3的识别结果为：null
2023-11-15 00:42:54.916  INFO 23380 --- [http-nio-8082-exec-2] com.example.hundsun.Util.MinIoUtil       : 上传的文件名为：8412808973226991616.json
2023-11-15 00:42:55.016  INFO 23380 --- [http-nio-8082-exec-2] c.e.h.S.S.dataall_resultSerImpl          : fileUrl: http://8.137.53.253:9000/clasjson/8412808973226991616.json?response-content-type=image%2Fpng&X-Amz-Algorithm=AWS4-HMAC-SHA256&X-Amz-Credential=C4RdB4eytLOl7SJRf5qi%2F20231114%2Fus-east-1%2Fs3%2Faws4_request&X-Amz-Date=20231114T164255Z&X-Amz-Expires=3600&X-Amz-SignedHeaders=host&X-Amz-Signature=2f92d186e93941f93d4cc0f858b2e45b7c1e4b3ebed8fa8e620c29cf8afbd023
2023-11-15 00:42:55.016  INFO 23380 --- [http-nio-8082-exec-2] c.e.h.S.S.dataall_resultSerImpl          : SimpleUrl: http://8.137.53.253:9000/clasjson/8412808973226991616.json
2023-11-15 00:42:55.321  INFO 23380 --- [http-nio-8082-exec-2] c.e.h.S.S.dataall_resultSerImpl          : 上传后端results：Results(id=4, resultUrl=http://8.137.53.253:9000/clasjson/8412808973226991616.json, isPre=1, isMark=0, markTime=null, markAccount=null, isEx=0, ExAccount=null, ExTime=null, l_id=0)
2023-11-15 00:42:55.322  INFO 23380 --- [http-nio-8082-exec-2] c.e.h.Controller.Data_ResultController   : r_id= 4
2023-11-15 00:46:01.146  INFO 23380 --- [SpringApplicationShutdownHook] com.alibaba.druid.pool.DruidDataSource   : {dataSource-1} closed
